2024-05-10 06:00:40.989253: I tensorflow/core/util/port.cc:113] oneDNN custom operations are on. You may see slightly different numerical results due to floating-point round-off errors from different computation orders. To turn them off, set the environment variable `TF_ENABLE_ONEDNN_OPTS=0`.
2024-05-10 06:00:41.053741: I tensorflow/core/platform/cpu_feature_guard.cc:210] This TensorFlow binary is optimized to use available CPU instructions in performance-critical operations.
To enable the following instructions: AVX2 AVX512F AVX512_VNNI AVX512_BF16 AVX512_FP16 AVX_VNNI AMX_TILE AMX_INT8 AMX_BF16 FMA, in other operations, rebuild TensorFlow with the appropriate compiler flags.
2024-05-10 06:00:41.985755: W tensorflow/compiler/tf2tensorrt/utils/py_utils.cc:38] TF-TRT Warning: Could not find TensorRT
2024-05-10 06:00:42.903717: I tensorflow/core/common_runtime/gpu/gpu_device.cc:1928] Created device /job:localhost/replica:0/task:0/device:GPU:0 with 4096 MB memory:  -> device: 0, name: NVIDIA L40S, pci bus id: 0000:27:00.0, compute capability: 8.9
1 Physical GPUs, 1 Logical GPUs
Available Models:
_______________________________________________________
| Index        | Model Name                           |
|______________|______________________________________|
| 0            | gated_stormer_r2_h4_dm32_dataset=mel |
| 1            | gated_stormer_r4_h4_dm32_dataset=mel |
|______________|______________________________________|
2024-05-10 06:00:45.543829: I tensorflow_io/core/kernels/cpu_check.cc:128] Your CPU supports instructions that this TensorFlow IO binary was not compiled to use: SSE3 SSE4.1 SSE4.2 AVX AVX2 AVX512F FMA
2024-05-10 06:00:45.549159: W tensorflow_io/core/kernels/audio_video_mp3_kernels.cc:271] libmp3lame.so.0 or lame functions are not available
WARNING:tensorflow:Using a while_loop for converting IO>AudioResample cause there is no registered converter for this op.
WARNING:tensorflow:Using a while_loop for converting IO>AudioResample cause there is no registered converter for this op.
WARNING:tensorflow:Using a while_loop for converting IO>AudioResample cause there is no registered converter for this op.
2024-05-10 06:01:14.674891: W tensorflow/core/framework/local_rendezvous.cc:404] Local rendezvous is aborting with status: OUT_OF_RANGE: End of sequence
Loading dataset version 2
Dataset loaded
Epoch 1/10000
